Current Dimension = 3
	Note: 2D / 3D is modified from #20 of code. (Setting enum{d=2} or enum{d=3}).
Cell width: 0.002
---------------
Please select a shape: [default with origin (0,0,0)]
1. Shpere (r = 1)
2. Ellipsoid (A = 4, B = 2, C = 3)
3. Cubic (width = 1)
Shpere is selected
Please enter a coordinate to evaluate: 
Input Point: (0 0 0)
---------------
* Given point is in the boundary
---------------
Iteration 0
==> Iterate to (0 0 0)
---------------
Iteration 1
==> Iterate to (1 1 1)
---------------
Iteration 2
==> Iterate to (0.577069 0.577069 0.577069)
Final point location: 
0.577396 0.577396 0.577396
Current Dimension = 3
	Note: 2D / 3D is modified from #20 of code. (Setting enum{d=2} or enum{d=3}).
Cell width: 0.002
---------------
Please select a shape: [default with origin (0,0,0)]
1. Shpere (r = 1)
2. Ellipsoid (A = 4, B = 2, C = 3)
3. Cubic (width = 1)
Shpere is selected
Please enter a coordinate to evaluate: 
Input Point: (7.3425 2.54365 3.554)
---------------
* Given point is out of boundary
---------------
Iteration 0
==> Iterate to (7.3425 2.54365 3.554)
---------------
Iteration 1
==> Iterate to (0.858093 0.297847 0.414512)
Final point location: 
0.859097 0.298194 0.414997
Current Dimension = 3
	Note: 2D / 3D is modified from #20 of code. (Setting enum{d=2} or enum{d=3}).
Cell width: 0.002
---------------
Please select a shape: [default with origin (0,0,0)]
1. Shpere (r = 1)
2. Ellipsoid (A = 4, B = 2, C = 3)
3. Cubic (width = 1)
Shpere is selected
Please enter a coordinate to evaluate: 
Input Point: (0.0001 0.0005 7.56423)
---------------
* Given point is out of boundary
---------------
Iteration 0
==> Iterate to (0.0001 0.0005 7.56423)
---------------
Iteration 1
==> Iterate to (-0.000768029 -0.000368029 0.99846)
Final point location: 
-0.000768489 -0.000368489 0.998919
