Current Dimension = 3
	Note: 2D / 3D is modified from #20 of code. (Setting enum{d=2} or enum{d=3}).
Cell width: 0.002
---------------
Please select a shape: [default with origin (0,0,0)]
1. Shpere (r = 1)
2. Ellipsoid (A = 4, B = 2, C = 3)
3. Cubic (width = 1)
Cubic is selected
Please enter a coordinate to evaluate: 
Input Point: (5 5 5)
---------------
* Given point is out of boundary
---------------
Iteration 0
==> Iterate to (5 5 5)
---------------
Iteration 1
==> Iterate to (0.999333 0.999333 0.999333)
Final point location: 
0.999482 0.999482 0.999482
Current Dimension = 3
	Note: 2D / 3D is modified from #20 of code. (Setting enum{d=2} or enum{d=3}).
Cell width: 0.002
---------------
Please select a shape: [default with origin (0,0,0)]
1. Shpere (r = 1)
2. Ellipsoid (A = 4, B = 2, C = 3)
3. Cubic (width = 1)
Cubic is selected
Please enter a coordinate to evaluate: 
Input Point: (0 0 0)
---------------
* Given point is in the boundary
---------------
Iteration 0
==> Iterate to (0 0 0)
---------------
Iteration 1
==> Iterate to (1 1 1)
Final point location: 
1 1 1
Current Dimension = 3
	Note: 2D / 3D is modified from #20 of code. (Setting enum{d=2} or enum{d=3}).
Cell width: 0.002
---------------
Please select a shape: [default with origin (0,0,0)]
1. Shpere (r = 1)
2. Ellipsoid (A = 4, B = 2, C = 3)
3. Cubic (width = 1)
Cubic is selected
Please enter a coordinate to evaluate: 
Input Point: (4.5222 9.2222 10.0011)
---------------
* Given point is out of boundary
---------------
Iteration 0
==> Iterate to (4.5222 9.2222 10.0011)
---------------
Iteration 1
==> Iterate to (0.999048 0.999086 1.00002)
Final point location: 
0.999048 0.999086 0.998038
